{
  "uid" : "51991b434efd54fa",
  "name" : "test_edit_settings",
  "fullName" : "docs.testcases.test_edit_settings#test_edit_settings",
  "historyId" : "c586cee735cc0c79c2fed5061174f25e",
  "time" : {
    "start" : 1628087666313,
    "stop" : 1628087673240,
    "duration" : 6927
  },
  "status" : "broken",
  "statusMessage" : "selenium.common.exceptions.NoSuchElementException: Message: no such element: Unable to locate element: {\"method\":\"xpath\",\"selector\":\"//a[starts-with(@href, '#/@')]\"}\n  (Session info: headless chrome=92.0.4515.131)",
  "statusTrace" : "def test_edit_settings():\n        browser_options = Options()\n        browser_options.headless = True\n        driver = webdriver.Chrome(ChromeDriverManager().install(), options=browser_options)\n        driver.maximize_window()\n    \n        try:\n            driver.get(\"http://localhost:1667/#/\")\n    \n            user_input_data = [\"user200\", \"user200@hotmail.com\", \"Userpass1\"]\n    \n            time.sleep(2)\n    \n            def login_process():\n                driver.find_element_by_xpath(\"//a[@href='#/login']\").click()\n    \n                # user_input_data = [\"user200\", \"user200@hotmail.com\", \"Userpass1\"]\n    \n                # Bejelentkezési űrlap feltöltése\n                for i in range(len(user_input_data) - 1):\n                    driver.find_element_by_xpath(f\"//fieldset[{i + 1}]/input\").send_keys(user_input_data[i + 1])\n    \n                time.sleep(1)\n    \n                driver.find_element_by_tag_name(\"button\").click()\n    \n                time.sleep(2)\n    \n                # Bejelentkezés tényének ellenőrzése\n                username_check = driver.find_element_by_xpath(\"//a[starts-with(@href, '#/@')]\").text\n                assert username_check == user_input_data[0], f\"Test Failed: User is not logged in ({user_input_data[0]}).\"\n    \n                time.sleep(2)\n    \n            def edit_settings_process():\n                driver.find_element_by_xpath(\"//a[@href='#/settings']\").click()\n    \n                time.sleep(2)\n    \n                # Your Settings oldal megjelenésének ellenőrzése\n                settings_check = driver.find_element_by_tag_name(\"h1\").text\n                assert settings_check == \"Your Settings\", f\"Test Failed: Page names did not match expected ({settings_check}).\"\n    \n                time.sleep(3)\n    \n                # Beolvassuk az előkészített adatokat\n                with open('edit_user.csv') as article_file:\n                    csv_reader = csv.reader(article_file, delimiter=';')\n                    for row in csv_reader:\n                        user_update = row\n    \n                time.sleep(2)\n    \n                # Feltöltjük az adatokkal a beviteli űrlap egyes sorait\n                user_picture = driver.find_element_by_class_name(\"form-control\")\n                user_bio = driver.find_element_by_xpath(\"//textarea[@placeholder='Short bio about you']\")\n    \n                user_picture.clear()\n                user_picture.send_keys(user_update[0])\n                user_bio.clear()\n                user_bio.send_keys(user_update[1])\n    \n                time.sleep(1)\n    \n                driver.find_element_by_xpath(\"//button[normalize-space()='Update Settings']\").click()\n    \n                time.sleep(2)\n    \n                # Sikeres update értesítési ablak szövegének ellenőrzése\n                assert driver.find_element_by_class_name(\"swal-title\").text == \"Update successful!\"\n    \n                time.sleep(2)\n    \n                # Értesítési ablak bezárása\n                driver.find_element_by_xpath(\"//button[normalize-space()='OK']\").click()\n    \n                time.sleep(1)\n    \n                # Ellenőrizzük a felhasználó profiljában történt változásokat\n                driver.find_element_by_xpath(\"//a[starts-with(@href, '#/@')]\").click()\n    \n                time.sleep(2)\n    \n                img_check = driver.find_element_by_class_name(\"user-img\").get_attribute(\"src\")\n                assert img_check == user_update[\n                    0], f\"Test Failed: Image did not match expected ({user_update[0]}).\"\n                user_check = driver.find_element_by_tag_name(\"h4\").text\n                assert user_check == user_input_data[\n                    0], f\"Test Failed: User did not match expected ({user_input_data[0]}).\"\n                bio_check = driver.find_element_by_css_selector(\"div[class='user-info'] p\").text\n                assert bio_check == user_update[\n                    1], f\"Test Failed: User's bio did not match expected ({user_update[1]}).\"\n    \n                time.sleep(2)\n    \n>           login_process()\n\ndocs/testcases/test_edit_settings.py:104: \n_ _ _ _ _ _ _ _ _ _ _ _ _ _ _ _ _ _ _ _ _ _ _ _ _ _ _ _ _ _ _ _ _ _ _ _ _ _ _ _ \ndocs/testcases/test_edit_settings.py:38: in login_process\n    username_check = driver.find_element_by_xpath(\"//a[starts-with(@href, '#/@')]\").text\n/opt/hostedtoolcache/Python/3.9.5/x64/lib/python3.9/site-packages/selenium/webdriver/remote/webdriver.py:394: in find_element_by_xpath\n    return self.find_element(by=By.XPATH, value=xpath)\n/opt/hostedtoolcache/Python/3.9.5/x64/lib/python3.9/site-packages/selenium/webdriver/remote/webdriver.py:976: in find_element\n    return self.execute(Command.FIND_ELEMENT, {\n/opt/hostedtoolcache/Python/3.9.5/x64/lib/python3.9/site-packages/selenium/webdriver/remote/webdriver.py:321: in execute\n    self.error_handler.check_response(response)\n_ _ _ _ _ _ _ _ _ _ _ _ _ _ _ _ _ _ _ _ _ _ _ _ _ _ _ _ _ _ _ _ _ _ _ _ _ _ _ _ \n\nself = <selenium.webdriver.remote.errorhandler.ErrorHandler object at 0x7fcf15e3c160>\nresponse = {'status': 404, 'value': '{\"value\":{\"error\":\"no such element\",\"message\":\"no such element: Unable to locate element: {\\...wn>\\\\n#15 0x55958e490e58 \\\\u003Cunknown>\\\\n#16 0x55958e4aadfd \\\\u003Cunknown>\\\\n#17 0x7f7ee15cd609 start_thread\\\\n\"}}'}\n\n    def check_response(self, response):\n        \"\"\"\n        Checks that a JSON response from the WebDriver does not have an error.\n    \n        :Args:\n         - response - The JSON response from the WebDriver server as a dictionary\n           object.\n    \n        :Raises: If the response contains an error message.\n        \"\"\"\n        status = response.get('status', None)\n        if status is None or status == ErrorCode.SUCCESS:\n            return\n        value = None\n        message = response.get(\"message\", \"\")\n        screen = response.get(\"screen\", \"\")\n        stacktrace = None\n        if isinstance(status, int):\n            value_json = response.get('value', None)\n            if value_json and isinstance(value_json, basestring):\n                import json\n                try:\n                    value = json.loads(value_json)\n                    if len(value.keys()) == 1:\n                        value = value['value']\n                    status = value.get('error', None)\n                    if status is None:\n                        status = value[\"status\"]\n                        message = value[\"value\"]\n                        if not isinstance(message, basestring):\n                            value = message\n                            message = message.get('message')\n                    else:\n                        message = value.get('message', None)\n                except ValueError:\n                    pass\n    \n        exception_class = ErrorInResponseException\n        if status in ErrorCode.NO_SUCH_ELEMENT:\n            exception_class = NoSuchElementException\n        elif status in ErrorCode.NO_SUCH_FRAME:\n            exception_class = NoSuchFrameException\n        elif status in ErrorCode.NO_SUCH_WINDOW:\n            exception_class = NoSuchWindowException\n        elif status in ErrorCode.STALE_ELEMENT_REFERENCE:\n            exception_class = StaleElementReferenceException\n        elif status in ErrorCode.ELEMENT_NOT_VISIBLE:\n            exception_class = ElementNotVisibleException\n        elif status in ErrorCode.INVALID_ELEMENT_STATE:\n            exception_class = InvalidElementStateException\n        elif status in ErrorCode.INVALID_SELECTOR \\\n                or status in ErrorCode.INVALID_XPATH_SELECTOR \\\n                or status in ErrorCode.INVALID_XPATH_SELECTOR_RETURN_TYPER:\n            exception_class = InvalidSelectorException\n        elif status in ErrorCode.ELEMENT_IS_NOT_SELECTABLE:\n            exception_class = ElementNotSelectableException\n        elif status in ErrorCode.ELEMENT_NOT_INTERACTABLE:\n            exception_class = ElementNotInteractableException\n        elif status in ErrorCode.INVALID_COOKIE_DOMAIN:\n            exception_class = InvalidCookieDomainException\n        elif status in ErrorCode.UNABLE_TO_SET_COOKIE:\n            exception_class = UnableToSetCookieException\n        elif status in ErrorCode.TIMEOUT:\n            exception_class = TimeoutException\n        elif status in ErrorCode.SCRIPT_TIMEOUT:\n            exception_class = TimeoutException\n        elif status in ErrorCode.UNKNOWN_ERROR:\n            exception_class = WebDriverException\n        elif status in ErrorCode.UNEXPECTED_ALERT_OPEN:\n            exception_class = UnexpectedAlertPresentException\n        elif status in ErrorCode.NO_ALERT_OPEN:\n            exception_class = NoAlertPresentException\n        elif status in ErrorCode.IME_NOT_AVAILABLE:\n            exception_class = ImeNotAvailableException\n        elif status in ErrorCode.IME_ENGINE_ACTIVATION_FAILED:\n            exception_class = ImeActivationFailedException\n        elif status in ErrorCode.MOVE_TARGET_OUT_OF_BOUNDS:\n            exception_class = MoveTargetOutOfBoundsException\n        elif status in ErrorCode.JAVASCRIPT_ERROR:\n            exception_class = JavascriptException\n        elif status in ErrorCode.SESSION_NOT_CREATED:\n            exception_class = SessionNotCreatedException\n        elif status in ErrorCode.INVALID_ARGUMENT:\n            exception_class = InvalidArgumentException\n        elif status in ErrorCode.NO_SUCH_COOKIE:\n            exception_class = NoSuchCookieException\n        elif status in ErrorCode.UNABLE_TO_CAPTURE_SCREEN:\n            exception_class = ScreenshotException\n        elif status in ErrorCode.ELEMENT_CLICK_INTERCEPTED:\n            exception_class = ElementClickInterceptedException\n        elif status in ErrorCode.INSECURE_CERTIFICATE:\n            exception_class = InsecureCertificateException\n        elif status in ErrorCode.INVALID_COORDINATES:\n            exception_class = InvalidCoordinatesException\n        elif status in ErrorCode.INVALID_SESSION_ID:\n            exception_class = InvalidSessionIdException\n        elif status in ErrorCode.UNKNOWN_METHOD:\n            exception_class = UnknownMethodException\n        else:\n            exception_class = WebDriverException\n        if value == '' or value is None:\n            value = response['value']\n        if isinstance(value, basestring):\n            if exception_class == ErrorInResponseException:\n                raise exception_class(response, value)\n            raise exception_class(value)\n        if message == \"\" and 'message' in value:\n            message = value['message']\n    \n        screen = None\n        if 'screen' in value:\n            screen = value['screen']\n    \n        stacktrace = None\n        if 'stackTrace' in value and value['stackTrace']:\n            stacktrace = []\n            try:\n                for frame in value['stackTrace']:\n                    line = self._value_or_default(frame, 'lineNumber', '')\n                    file = self._value_or_default(frame, 'fileName', '<anonymous>')\n                    if line:\n                        file = \"%s:%s\" % (file, line)\n                    meth = self._value_or_default(frame, 'methodName', '<anonymous>')\n                    if 'className' in frame:\n                        meth = \"%s.%s\" % (frame['className'], meth)\n                    msg = \"    at %s (%s)\"\n                    msg = msg % (meth, file)\n                    stacktrace.append(msg)\n            except TypeError:\n                pass\n        if exception_class == ErrorInResponseException:\n            raise exception_class(response, message)\n        elif exception_class == UnexpectedAlertPresentException:\n            alert_text = None\n            if 'data' in value:\n                alert_text = value['data'].get('text')\n            elif 'alert' in value:\n                alert_text = value['alert'].get('text')\n            raise exception_class(message, screen, stacktrace, alert_text)\n>       raise exception_class(message, screen, stacktrace)\nE       selenium.common.exceptions.NoSuchElementException: Message: no such element: Unable to locate element: {\"method\":\"xpath\",\"selector\":\"//a[starts-with(@href, '#/@')]\"}\nE         (Session info: headless chrome=92.0.4515.131)\n\n/opt/hostedtoolcache/Python/3.9.5/x64/lib/python3.9/site-packages/selenium/webdriver/remote/errorhandler.py:242: NoSuchElementException",
  "flaky" : false,
  "newFailed" : false,
  "beforeStages" : [ ],
  "testStage" : {
    "status" : "broken",
    "statusMessage" : "selenium.common.exceptions.NoSuchElementException: Message: no such element: Unable to locate element: {\"method\":\"xpath\",\"selector\":\"//a[starts-with(@href, '#/@')]\"}\n  (Session info: headless chrome=92.0.4515.131)",
    "statusTrace" : "def test_edit_settings():\n        browser_options = Options()\n        browser_options.headless = True\n        driver = webdriver.Chrome(ChromeDriverManager().install(), options=browser_options)\n        driver.maximize_window()\n    \n        try:\n            driver.get(\"http://localhost:1667/#/\")\n    \n            user_input_data = [\"user200\", \"user200@hotmail.com\", \"Userpass1\"]\n    \n            time.sleep(2)\n    \n            def login_process():\n                driver.find_element_by_xpath(\"//a[@href='#/login']\").click()\n    \n                # user_input_data = [\"user200\", \"user200@hotmail.com\", \"Userpass1\"]\n    \n                # Bejelentkezési űrlap feltöltése\n                for i in range(len(user_input_data) - 1):\n                    driver.find_element_by_xpath(f\"//fieldset[{i + 1}]/input\").send_keys(user_input_data[i + 1])\n    \n                time.sleep(1)\n    \n                driver.find_element_by_tag_name(\"button\").click()\n    \n                time.sleep(2)\n    \n                # Bejelentkezés tényének ellenőrzése\n                username_check = driver.find_element_by_xpath(\"//a[starts-with(@href, '#/@')]\").text\n                assert username_check == user_input_data[0], f\"Test Failed: User is not logged in ({user_input_data[0]}).\"\n    \n                time.sleep(2)\n    \n            def edit_settings_process():\n                driver.find_element_by_xpath(\"//a[@href='#/settings']\").click()\n    \n                time.sleep(2)\n    \n                # Your Settings oldal megjelenésének ellenőrzése\n                settings_check = driver.find_element_by_tag_name(\"h1\").text\n                assert settings_check == \"Your Settings\", f\"Test Failed: Page names did not match expected ({settings_check}).\"\n    \n                time.sleep(3)\n    \n                # Beolvassuk az előkészített adatokat\n                with open('edit_user.csv') as article_file:\n                    csv_reader = csv.reader(article_file, delimiter=';')\n                    for row in csv_reader:\n                        user_update = row\n    \n                time.sleep(2)\n    \n                # Feltöltjük az adatokkal a beviteli űrlap egyes sorait\n                user_picture = driver.find_element_by_class_name(\"form-control\")\n                user_bio = driver.find_element_by_xpath(\"//textarea[@placeholder='Short bio about you']\")\n    \n                user_picture.clear()\n                user_picture.send_keys(user_update[0])\n                user_bio.clear()\n                user_bio.send_keys(user_update[1])\n    \n                time.sleep(1)\n    \n                driver.find_element_by_xpath(\"//button[normalize-space()='Update Settings']\").click()\n    \n                time.sleep(2)\n    \n                # Sikeres update értesítési ablak szövegének ellenőrzése\n                assert driver.find_element_by_class_name(\"swal-title\").text == \"Update successful!\"\n    \n                time.sleep(2)\n    \n                # Értesítési ablak bezárása\n                driver.find_element_by_xpath(\"//button[normalize-space()='OK']\").click()\n    \n                time.sleep(1)\n    \n                # Ellenőrizzük a felhasználó profiljában történt változásokat\n                driver.find_element_by_xpath(\"//a[starts-with(@href, '#/@')]\").click()\n    \n                time.sleep(2)\n    \n                img_check = driver.find_element_by_class_name(\"user-img\").get_attribute(\"src\")\n                assert img_check == user_update[\n                    0], f\"Test Failed: Image did not match expected ({user_update[0]}).\"\n                user_check = driver.find_element_by_tag_name(\"h4\").text\n                assert user_check == user_input_data[\n                    0], f\"Test Failed: User did not match expected ({user_input_data[0]}).\"\n                bio_check = driver.find_element_by_css_selector(\"div[class='user-info'] p\").text\n                assert bio_check == user_update[\n                    1], f\"Test Failed: User's bio did not match expected ({user_update[1]}).\"\n    \n                time.sleep(2)\n    \n>           login_process()\n\ndocs/testcases/test_edit_settings.py:104: \n_ _ _ _ _ _ _ _ _ _ _ _ _ _ _ _ _ _ _ _ _ _ _ _ _ _ _ _ _ _ _ _ _ _ _ _ _ _ _ _ \ndocs/testcases/test_edit_settings.py:38: in login_process\n    username_check = driver.find_element_by_xpath(\"//a[starts-with(@href, '#/@')]\").text\n/opt/hostedtoolcache/Python/3.9.5/x64/lib/python3.9/site-packages/selenium/webdriver/remote/webdriver.py:394: in find_element_by_xpath\n    return self.find_element(by=By.XPATH, value=xpath)\n/opt/hostedtoolcache/Python/3.9.5/x64/lib/python3.9/site-packages/selenium/webdriver/remote/webdriver.py:976: in find_element\n    return self.execute(Command.FIND_ELEMENT, {\n/opt/hostedtoolcache/Python/3.9.5/x64/lib/python3.9/site-packages/selenium/webdriver/remote/webdriver.py:321: in execute\n    self.error_handler.check_response(response)\n_ _ _ _ _ _ _ _ _ _ _ _ _ _ _ _ _ _ _ _ _ _ _ _ _ _ _ _ _ _ _ _ _ _ _ _ _ _ _ _ \n\nself = <selenium.webdriver.remote.errorhandler.ErrorHandler object at 0x7fcf15e3c160>\nresponse = {'status': 404, 'value': '{\"value\":{\"error\":\"no such element\",\"message\":\"no such element: Unable to locate element: {\\...wn>\\\\n#15 0x55958e490e58 \\\\u003Cunknown>\\\\n#16 0x55958e4aadfd \\\\u003Cunknown>\\\\n#17 0x7f7ee15cd609 start_thread\\\\n\"}}'}\n\n    def check_response(self, response):\n        \"\"\"\n        Checks that a JSON response from the WebDriver does not have an error.\n    \n        :Args:\n         - response - The JSON response from the WebDriver server as a dictionary\n           object.\n    \n        :Raises: If the response contains an error message.\n        \"\"\"\n        status = response.get('status', None)\n        if status is None or status == ErrorCode.SUCCESS:\n            return\n        value = None\n        message = response.get(\"message\", \"\")\n        screen = response.get(\"screen\", \"\")\n        stacktrace = None\n        if isinstance(status, int):\n            value_json = response.get('value', None)\n            if value_json and isinstance(value_json, basestring):\n                import json\n                try:\n                    value = json.loads(value_json)\n                    if len(value.keys()) == 1:\n                        value = value['value']\n                    status = value.get('error', None)\n                    if status is None:\n                        status = value[\"status\"]\n                        message = value[\"value\"]\n                        if not isinstance(message, basestring):\n                            value = message\n                            message = message.get('message')\n                    else:\n                        message = value.get('message', None)\n                except ValueError:\n                    pass\n    \n        exception_class = ErrorInResponseException\n        if status in ErrorCode.NO_SUCH_ELEMENT:\n            exception_class = NoSuchElementException\n        elif status in ErrorCode.NO_SUCH_FRAME:\n            exception_class = NoSuchFrameException\n        elif status in ErrorCode.NO_SUCH_WINDOW:\n            exception_class = NoSuchWindowException\n        elif status in ErrorCode.STALE_ELEMENT_REFERENCE:\n            exception_class = StaleElementReferenceException\n        elif status in ErrorCode.ELEMENT_NOT_VISIBLE:\n            exception_class = ElementNotVisibleException\n        elif status in ErrorCode.INVALID_ELEMENT_STATE:\n            exception_class = InvalidElementStateException\n        elif status in ErrorCode.INVALID_SELECTOR \\\n                or status in ErrorCode.INVALID_XPATH_SELECTOR \\\n                or status in ErrorCode.INVALID_XPATH_SELECTOR_RETURN_TYPER:\n            exception_class = InvalidSelectorException\n        elif status in ErrorCode.ELEMENT_IS_NOT_SELECTABLE:\n            exception_class = ElementNotSelectableException\n        elif status in ErrorCode.ELEMENT_NOT_INTERACTABLE:\n            exception_class = ElementNotInteractableException\n        elif status in ErrorCode.INVALID_COOKIE_DOMAIN:\n            exception_class = InvalidCookieDomainException\n        elif status in ErrorCode.UNABLE_TO_SET_COOKIE:\n            exception_class = UnableToSetCookieException\n        elif status in ErrorCode.TIMEOUT:\n            exception_class = TimeoutException\n        elif status in ErrorCode.SCRIPT_TIMEOUT:\n            exception_class = TimeoutException\n        elif status in ErrorCode.UNKNOWN_ERROR:\n            exception_class = WebDriverException\n        elif status in ErrorCode.UNEXPECTED_ALERT_OPEN:\n            exception_class = UnexpectedAlertPresentException\n        elif status in ErrorCode.NO_ALERT_OPEN:\n            exception_class = NoAlertPresentException\n        elif status in ErrorCode.IME_NOT_AVAILABLE:\n            exception_class = ImeNotAvailableException\n        elif status in ErrorCode.IME_ENGINE_ACTIVATION_FAILED:\n            exception_class = ImeActivationFailedException\n        elif status in ErrorCode.MOVE_TARGET_OUT_OF_BOUNDS:\n            exception_class = MoveTargetOutOfBoundsException\n        elif status in ErrorCode.JAVASCRIPT_ERROR:\n            exception_class = JavascriptException\n        elif status in ErrorCode.SESSION_NOT_CREATED:\n            exception_class = SessionNotCreatedException\n        elif status in ErrorCode.INVALID_ARGUMENT:\n            exception_class = InvalidArgumentException\n        elif status in ErrorCode.NO_SUCH_COOKIE:\n            exception_class = NoSuchCookieException\n        elif status in ErrorCode.UNABLE_TO_CAPTURE_SCREEN:\n            exception_class = ScreenshotException\n        elif status in ErrorCode.ELEMENT_CLICK_INTERCEPTED:\n            exception_class = ElementClickInterceptedException\n        elif status in ErrorCode.INSECURE_CERTIFICATE:\n            exception_class = InsecureCertificateException\n        elif status in ErrorCode.INVALID_COORDINATES:\n            exception_class = InvalidCoordinatesException\n        elif status in ErrorCode.INVALID_SESSION_ID:\n            exception_class = InvalidSessionIdException\n        elif status in ErrorCode.UNKNOWN_METHOD:\n            exception_class = UnknownMethodException\n        else:\n            exception_class = WebDriverException\n        if value == '' or value is None:\n            value = response['value']\n        if isinstance(value, basestring):\n            if exception_class == ErrorInResponseException:\n                raise exception_class(response, value)\n            raise exception_class(value)\n        if message == \"\" and 'message' in value:\n            message = value['message']\n    \n        screen = None\n        if 'screen' in value:\n            screen = value['screen']\n    \n        stacktrace = None\n        if 'stackTrace' in value and value['stackTrace']:\n            stacktrace = []\n            try:\n                for frame in value['stackTrace']:\n                    line = self._value_or_default(frame, 'lineNumber', '')\n                    file = self._value_or_default(frame, 'fileName', '<anonymous>')\n                    if line:\n                        file = \"%s:%s\" % (file, line)\n                    meth = self._value_or_default(frame, 'methodName', '<anonymous>')\n                    if 'className' in frame:\n                        meth = \"%s.%s\" % (frame['className'], meth)\n                    msg = \"    at %s (%s)\"\n                    msg = msg % (meth, file)\n                    stacktrace.append(msg)\n            except TypeError:\n                pass\n        if exception_class == ErrorInResponseException:\n            raise exception_class(response, message)\n        elif exception_class == UnexpectedAlertPresentException:\n            alert_text = None\n            if 'data' in value:\n                alert_text = value['data'].get('text')\n            elif 'alert' in value:\n                alert_text = value['alert'].get('text')\n            raise exception_class(message, screen, stacktrace, alert_text)\n>       raise exception_class(message, screen, stacktrace)\nE       selenium.common.exceptions.NoSuchElementException: Message: no such element: Unable to locate element: {\"method\":\"xpath\",\"selector\":\"//a[starts-with(@href, '#/@')]\"}\nE         (Session info: headless chrome=92.0.4515.131)\n\n/opt/hostedtoolcache/Python/3.9.5/x64/lib/python3.9/site-packages/selenium/webdriver/remote/errorhandler.py:242: NoSuchElementException",
    "steps" : [ ],
    "attachments" : [ {
      "uid" : "db330861acaa4cca",
      "name" : "log",
      "source" : "db330861acaa4cca.txt",
      "type" : "text/plain",
      "size" : 344
    }, {
      "uid" : "afd51c39d2da2a1",
      "name" : "stderr",
      "source" : "afd51c39d2da2a1.txt",
      "type" : "text/plain",
      "size" : 215
    } ],
    "parameters" : [ ],
    "stepsCount" : 0,
    "attachmentsCount" : 2,
    "shouldDisplayMessage" : true,
    "hasContent" : true
  },
  "afterStages" : [ ],
  "labels" : [ {
    "name" : "parentSuite",
    "value" : "docs.testcases"
  }, {
    "name" : "suite",
    "value" : "test_edit_settings"
  }, {
    "name" : "host",
    "value" : "fv-az74-666"
  }, {
    "name" : "thread",
    "value" : "3656-MainThread"
  }, {
    "name" : "framework",
    "value" : "pytest"
  }, {
    "name" : "language",
    "value" : "cpython3"
  }, {
    "name" : "package",
    "value" : "docs.testcases.test_edit_settings"
  }, {
    "name" : "resultFormat",
    "value" : "allure2"
  } ],
  "parameters" : [ ],
  "links" : [ ],
  "hidden" : false,
  "retry" : false,
  "extra" : {
    "severity" : "normal",
    "retries" : [ ],
    "categories" : [ {
      "name" : "Test defects",
      "matchedStatuses" : [ ],
      "flaky" : false
    } ],
    "tags" : [ ]
  },
  "source" : "51991b434efd54fa.json",
  "parameterValues" : [ ]
}