{
  "uid" : "4b4757e66a1912dae1a509f688f20b0f",
  "children" : [ {
    "name" : "Product defects",
    "children" : [ {
      "name" : "AssertionError: assert '' == 'Your registr...s successful!'\n  - Your registration was successful!",
      "children" : [ {
        "name" : "test_registration_process",
        "uid" : "bd2fb2767e80866",
        "parentUid" : "ec724305259d984b1ecc0ce97bc504f8",
        "status" : "failed",
        "time" : {
          "start" : 1628142509324,
          "stop" : 1628142511811,
          "duration" : 2487
        },
        "flaky" : false,
        "newFailed" : false,
        "parameters" : [ ]
      } ],
      "uid" : "ec724305259d984b1ecc0ce97bc504f8"
    } ],
    "uid" : "8fb3a91ba5aaf9de24cc8a92edc82b5d"
  }, {
    "name" : "Test defects",
    "children" : [ {
      "name" : "selenium.common.exceptions.NoSuchElementException: Message: no such element: Unable to locate element: {\"method\":\"xpath\",\"selector\":\"//a[starts-with(@href, '#/@')]\"}\n  (Session info: headless chrome=92.0.4515.131)",
      "children" : [ {
        "name" : "test_login_process",
        "uid" : "a3b6fe9e49d79b10",
        "parentUid" : "67ff07f2d312c49eda254d2554a7d99e",
        "status" : "broken",
        "time" : {
          "start" : 1628142513480,
          "stop" : 1628142516776,
          "duration" : 3296
        },
        "flaky" : false,
        "newFailed" : false,
        "parameters" : [ ]
      } ],
      "uid" : "67ff07f2d312c49eda254d2554a7d99e"
    } ],
    "uid" : "bdbf199525818fae7a8651db9eafe741"
  } ],
  "name" : "categories"
}