{
  "uid" : "1b0776d76d131c04",
  "name" : "test_login_process",
  "fullName" : "docs.testcases.test_all_in_one.TestConduit#test_login_process",
  "historyId" : "c380b636cb1e886956cc480b137fd8d4",
  "time" : {
    "start" : 1628168283898,
    "stop" : 1628168294465,
    "duration" : 10567
  },
  "status" : "broken",
  "statusMessage" : "selenium.common.exceptions.TimeoutException: Message:",
  "statusTrace" : "self = <test_all_in_one.TestConduit object at 0x7fd73d1f35b0>\n\n    def test_login_process(self):\n        user_input_data = [\"user200\", \"user200@hotmail.com\", \"Userpass1\"]\n        self.driver.find_element_by_xpath(\"//a[@href='#/login']\").click()\n    \n        # Bejelentkezési űrlap feltöltése\n        for i in range(len(user_input_data) - 1):\n            self.driver.find_element_by_xpath(f\"//fieldset[{i + 1}]/input\").send_keys(user_input_data[i + 1])\n    \n        self.driver.find_element_by_tag_name(\"button\").click()\n    \n        # Bejelentkezés tényének ellenőrzése\n>       username_check = find_element(self.driver, By.XPATH, \"//a[starts-with(@href, '#/@')]\")\n\ndocs/testcases/test_all_in_one.py:86: \n_ _ _ _ _ _ _ _ _ _ _ _ _ _ _ _ _ _ _ _ _ _ _ _ _ _ _ _ _ _ _ _ _ _ _ _ _ _ _ _ \ndocs/testcases/basic_function.py:8: in find_element\n    element = WebDriverWait(driver, 10).until(EC.visibility_of_element_located((search_type, value)))\n_ _ _ _ _ _ _ _ _ _ _ _ _ _ _ _ _ _ _ _ _ _ _ _ _ _ _ _ _ _ _ _ _ _ _ _ _ _ _ _ \n\nself = <selenium.webdriver.support.wait.WebDriverWait (session=\"36b4f0633201af426ac1e0476a065756\")>\nmethod = <selenium.webdriver.support.expected_conditions.visibility_of_element_located object at 0x7fd73d1f3d00>\nmessage = ''\n\n    def until(self, method, message=''):\n        \"\"\"Calls the method provided with the driver as an argument until the \\\n        return value is not False.\"\"\"\n        screen = None\n        stacktrace = None\n    \n        end_time = time.time() + self._timeout\n        while True:\n            try:\n                value = method(self._driver)\n                if value:\n                    return value\n            except self._ignored_exceptions as exc:\n                screen = getattr(exc, 'screen', None)\n                stacktrace = getattr(exc, 'stacktrace', None)\n            time.sleep(self._poll)\n            if time.time() > end_time:\n                break\n>       raise TimeoutException(message, screen, stacktrace)\nE       selenium.common.exceptions.TimeoutException: Message:\n\n/opt/hostedtoolcache/Python/3.9.5/x64/lib/python3.9/site-packages/selenium/webdriver/support/wait.py:80: TimeoutException",
  "flaky" : false,
  "newFailed" : false,
  "beforeStages" : [ ],
  "testStage" : {
    "status" : "broken",
    "statusMessage" : "selenium.common.exceptions.TimeoutException: Message:",
    "statusTrace" : "self = <test_all_in_one.TestConduit object at 0x7fd73d1f35b0>\n\n    def test_login_process(self):\n        user_input_data = [\"user200\", \"user200@hotmail.com\", \"Userpass1\"]\n        self.driver.find_element_by_xpath(\"//a[@href='#/login']\").click()\n    \n        # Bejelentkezési űrlap feltöltése\n        for i in range(len(user_input_data) - 1):\n            self.driver.find_element_by_xpath(f\"//fieldset[{i + 1}]/input\").send_keys(user_input_data[i + 1])\n    \n        self.driver.find_element_by_tag_name(\"button\").click()\n    \n        # Bejelentkezés tényének ellenőrzése\n>       username_check = find_element(self.driver, By.XPATH, \"//a[starts-with(@href, '#/@')]\")\n\ndocs/testcases/test_all_in_one.py:86: \n_ _ _ _ _ _ _ _ _ _ _ _ _ _ _ _ _ _ _ _ _ _ _ _ _ _ _ _ _ _ _ _ _ _ _ _ _ _ _ _ \ndocs/testcases/basic_function.py:8: in find_element\n    element = WebDriverWait(driver, 10).until(EC.visibility_of_element_located((search_type, value)))\n_ _ _ _ _ _ _ _ _ _ _ _ _ _ _ _ _ _ _ _ _ _ _ _ _ _ _ _ _ _ _ _ _ _ _ _ _ _ _ _ \n\nself = <selenium.webdriver.support.wait.WebDriverWait (session=\"36b4f0633201af426ac1e0476a065756\")>\nmethod = <selenium.webdriver.support.expected_conditions.visibility_of_element_located object at 0x7fd73d1f3d00>\nmessage = ''\n\n    def until(self, method, message=''):\n        \"\"\"Calls the method provided with the driver as an argument until the \\\n        return value is not False.\"\"\"\n        screen = None\n        stacktrace = None\n    \n        end_time = time.time() + self._timeout\n        while True:\n            try:\n                value = method(self._driver)\n                if value:\n                    return value\n            except self._ignored_exceptions as exc:\n                screen = getattr(exc, 'screen', None)\n                stacktrace = getattr(exc, 'stacktrace', None)\n            time.sleep(self._poll)\n            if time.time() > end_time:\n                break\n>       raise TimeoutException(message, screen, stacktrace)\nE       selenium.common.exceptions.TimeoutException: Message:\n\n/opt/hostedtoolcache/Python/3.9.5/x64/lib/python3.9/site-packages/selenium/webdriver/support/wait.py:80: TimeoutException",
    "steps" : [ ],
    "attachments" : [ {
      "uid" : "6a1421ab546681ee",
      "name" : "log",
      "source" : "6a1421ab546681ee.txt",
      "type" : "text/plain",
      "size" : 344
    }, {
      "uid" : "53a5a6a7ae723803",
      "name" : "stderr",
      "source" : "53a5a6a7ae723803.txt",
      "type" : "text/plain",
      "size" : 215
    } ],
    "parameters" : [ ],
    "stepsCount" : 0,
    "attachmentsCount" : 2,
    "shouldDisplayMessage" : true,
    "hasContent" : true
  },
  "afterStages" : [ ],
  "labels" : [ {
    "name" : "parentSuite",
    "value" : "docs.testcases"
  }, {
    "name" : "suite",
    "value" : "test_all_in_one"
  }, {
    "name" : "subSuite",
    "value" : "TestConduit"
  }, {
    "name" : "host",
    "value" : "fv-az39-521"
  }, {
    "name" : "thread",
    "value" : "3805-MainThread"
  }, {
    "name" : "framework",
    "value" : "pytest"
  }, {
    "name" : "language",
    "value" : "cpython3"
  }, {
    "name" : "package",
    "value" : "docs.testcases.test_all_in_one"
  }, {
    "name" : "resultFormat",
    "value" : "allure2"
  } ],
  "parameters" : [ ],
  "links" : [ ],
  "hidden" : false,
  "retry" : false,
  "extra" : {
    "severity" : "normal",
    "retries" : [ ],
    "categories" : [ {
      "name" : "Test defects",
      "matchedStatuses" : [ ],
      "flaky" : false
    } ],
    "tags" : [ ]
  },
  "source" : "1b0776d76d131c04.json",
  "parameterValues" : [ ]
}