{
  "uid" : "b87b42f3387a1e02",
  "name" : "test_logout",
  "fullName" : "docs.testcases.test_logout#test_logout",
  "historyId" : "37a17dc64684eb4cbba6937f625e3178",
  "time" : {
    "start" : 1628110793963,
    "stop" : 1628110806895,
    "duration" : 12932
  },
  "status" : "broken",
  "statusMessage" : "selenium.common.exceptions.TimeoutException: Message:",
  "statusTrace" : "def test_logout():\n        browser_options = Options()\n        browser_options.headless = True\n        driver = webdriver.Chrome(ChromeDriverManager().install(), options=browser_options)\n        driver.get(\"http://localhost:1667/#/\")\n    \n        basic_login(driver)\n>       log_out_btn = find_element(driver, By.XPATH, \"//*[@class='nav-link' and contains(text(),'Log out')]\")\n\ndocs/testcases/test_logout.py:17: \n_ _ _ _ _ _ _ _ _ _ _ _ _ _ _ _ _ _ _ _ _ _ _ _ _ _ _ _ _ _ _ _ _ _ _ _ _ _ _ _ \ndocs/testcases/basic_function.py:8: in find_element\n    element = WebDriverWait(driver, 10).until(EC.visibility_of_element_located((search_type, value)))\n_ _ _ _ _ _ _ _ _ _ _ _ _ _ _ _ _ _ _ _ _ _ _ _ _ _ _ _ _ _ _ _ _ _ _ _ _ _ _ _ \n\nself = <selenium.webdriver.support.wait.WebDriverWait (session=\"88a4da92fe06c9571c404fea2916ffdc\")>\nmethod = <selenium.webdriver.support.expected_conditions.visibility_of_element_located object at 0x7f989501cf10>\nmessage = ''\n\n    def until(self, method, message=''):\n        \"\"\"Calls the method provided with the driver as an argument until the \\\n        return value is not False.\"\"\"\n        screen = None\n        stacktrace = None\n    \n        end_time = time.time() + self._timeout\n        while True:\n            try:\n                value = method(self._driver)\n                if value:\n                    return value\n            except self._ignored_exceptions as exc:\n                screen = getattr(exc, 'screen', None)\n                stacktrace = getattr(exc, 'stacktrace', None)\n            time.sleep(self._poll)\n            if time.time() > end_time:\n                break\n>       raise TimeoutException(message, screen, stacktrace)\nE       selenium.common.exceptions.TimeoutException: Message:\n\n/opt/hostedtoolcache/Python/3.9.5/x64/lib/python3.9/site-packages/selenium/webdriver/support/wait.py:80: TimeoutException",
  "flaky" : false,
  "newFailed" : false,
  "beforeStages" : [ ],
  "testStage" : {
    "status" : "broken",
    "statusMessage" : "selenium.common.exceptions.TimeoutException: Message:",
    "statusTrace" : "def test_logout():\n        browser_options = Options()\n        browser_options.headless = True\n        driver = webdriver.Chrome(ChromeDriverManager().install(), options=browser_options)\n        driver.get(\"http://localhost:1667/#/\")\n    \n        basic_login(driver)\n>       log_out_btn = find_element(driver, By.XPATH, \"//*[@class='nav-link' and contains(text(),'Log out')]\")\n\ndocs/testcases/test_logout.py:17: \n_ _ _ _ _ _ _ _ _ _ _ _ _ _ _ _ _ _ _ _ _ _ _ _ _ _ _ _ _ _ _ _ _ _ _ _ _ _ _ _ \ndocs/testcases/basic_function.py:8: in find_element\n    element = WebDriverWait(driver, 10).until(EC.visibility_of_element_located((search_type, value)))\n_ _ _ _ _ _ _ _ _ _ _ _ _ _ _ _ _ _ _ _ _ _ _ _ _ _ _ _ _ _ _ _ _ _ _ _ _ _ _ _ \n\nself = <selenium.webdriver.support.wait.WebDriverWait (session=\"88a4da92fe06c9571c404fea2916ffdc\")>\nmethod = <selenium.webdriver.support.expected_conditions.visibility_of_element_located object at 0x7f989501cf10>\nmessage = ''\n\n    def until(self, method, message=''):\n        \"\"\"Calls the method provided with the driver as an argument until the \\\n        return value is not False.\"\"\"\n        screen = None\n        stacktrace = None\n    \n        end_time = time.time() + self._timeout\n        while True:\n            try:\n                value = method(self._driver)\n                if value:\n                    return value\n            except self._ignored_exceptions as exc:\n                screen = getattr(exc, 'screen', None)\n                stacktrace = getattr(exc, 'stacktrace', None)\n            time.sleep(self._poll)\n            if time.time() > end_time:\n                break\n>       raise TimeoutException(message, screen, stacktrace)\nE       selenium.common.exceptions.TimeoutException: Message:\n\n/opt/hostedtoolcache/Python/3.9.5/x64/lib/python3.9/site-packages/selenium/webdriver/support/wait.py:80: TimeoutException",
    "steps" : [ ],
    "attachments" : [ {
      "uid" : "a60ae9e0eeb40b73",
      "name" : "log",
      "source" : "a60ae9e0eeb40b73.txt",
      "type" : "text/plain",
      "size" : 344
    }, {
      "uid" : "28645bacf9019e8",
      "name" : "stderr",
      "source" : "28645bacf9019e8.txt",
      "type" : "text/plain",
      "size" : 215
    } ],
    "parameters" : [ ],
    "stepsCount" : 0,
    "attachmentsCount" : 2,
    "shouldDisplayMessage" : true,
    "hasContent" : true
  },
  "afterStages" : [ ],
  "labels" : [ {
    "name" : "parentSuite",
    "value" : "docs.testcases"
  }, {
    "name" : "suite",
    "value" : "test_logout"
  }, {
    "name" : "host",
    "value" : "fv-az28-873"
  }, {
    "name" : "thread",
    "value" : "3737-MainThread"
  }, {
    "name" : "framework",
    "value" : "pytest"
  }, {
    "name" : "language",
    "value" : "cpython3"
  }, {
    "name" : "package",
    "value" : "docs.testcases.test_logout"
  }, {
    "name" : "resultFormat",
    "value" : "allure2"
  } ],
  "parameters" : [ ],
  "links" : [ ],
  "hidden" : false,
  "retry" : false,
  "extra" : {
    "severity" : "normal",
    "retries" : [ ],
    "categories" : [ {
      "name" : "Test defects",
      "matchedStatuses" : [ ],
      "flaky" : false
    } ],
    "tags" : [ ]
  },
  "source" : "b87b42f3387a1e02.json",
  "parameterValues" : [ ]
}